# JRE version: OpenJDK Runtime Environment (8.0_152-b01) (build 1.8.0_152-release-1343-b01)
# Java VM: OpenJDK 64-Bit Server VM (25.152-b01 mixed mode windows-amd64 compressed oops)
Heap:
 PSYoungGen      total 143872K, used 71775K [0x00000000f5580000, 0x0000000100000000, 0x0000000100000000)
  eden space 113152K, 36% used [0x00000000f5580000,0x00000000f7d9dee8,0x00000000fc400000)
  from space 30720K, 99% used [0x00000000fc400000,0x00000000fe1f9d78,0x00000000fe200000)
  to   space 30720K, 0% used [0x00000000fe200000,0x00000000fe200000,0x0000000100000000)
 ParOldGen       total 263168K, used 65813K [0x00000000e0000000, 0x00000000f0100000, 0x00000000f5580000)
  object space 263168K, 25% used [0x00000000e0000000,0x00000000e4045678,0x00000000f0100000)
 Metaspace       used 80666K, capacity 84888K, committed 84952K, reserved 1122304K
  class space    used 10876K, capacity 11760K, committed 11776K, reserved 1048576K
GC Heap History (10 events):
Event: 9.775 GC heap before
{Heap before GC invocations=12 (full 3):
 PSYoungGen      total 144896K, used 16373K [0x00000000f5580000, 0x0000000100000000, 0x0000000100000000)
  eden space 128512K, 0% used [0x00000000f5580000,0x00000000f5580000,0x00000000fd300000)
  from space 16384K, 99% used [0x00000000fd300000,0x00000000fe2fd580,0x00000000fe300000)
  to   space 19456K, 0% used [0x00000000fed00000,0x00000000fed00000,0x0000000100000000)
 ParOldGen       total 182272K, used 22752K [0x00000000e0000000, 0x00000000eb200000, 0x00000000f5580000)
  object space 182272K, 12% used [0x00000000e0000000,0x00000000e1638190,0x00000000eb200000)
 Metaspace       used 57465K, capacity 58906K, committed 59028K, reserved 1099776K
  class space    used 7731K, capacity 8146K, committed 8192K, reserved 1048576K
Event: 9.969 GC heap after
Heap after GC invocations=12 (full 3):
 PSYoungGen      total 144896K, used 0K [0x00000000f5580000, 0x0000000100000000, 0x0000000100000000)
  eden space 128512K, 0% used [0x00000000f5580000,0x00000000f5580000,0x00000000fd300000)
  from space 16384K, 0% used [0x00000000fd300000,0x00000000fd300000,0x00000000fe300000)
  to   space 19456K, 0% used [0x00000000fed00000,0x00000000fed00000,0x0000000100000000)
 ParOldGen       total 263168K, used 34792K [0x00000000e0000000, 0x00000000f0100000, 0x00000000f5580000)
  object space 263168K, 13% used [0x00000000e0000000,0x00000000e21fa238,0x00000000f0100000)
 Metaspace       used 57465K, capacity 58906K, committed 59028K, reserved 1099776K
  class space    used 7731K, capacity 8146K, committed 8192K, reserved 1048576K
}
Event: 11.387 GC heap before
{Heap before GC invocations=13 (full 3):
 PSYoungGen      total 144896K, used 128512K [0x00000000f5580000, 0x0000000100000000, 0x0000000100000000)
  eden space 128512K, 100% used [0x00000000f5580000,0x00000000fd300000,0x00000000fd300000)
  from space 16384K, 0% used [0x00000000fd300000,0x00000000fd300000,0x00000000fe300000)
  to   space 19456K, 0% used [0x00000000fed00000,0x00000000fed00000,0x0000000100000000)
 ParOldGen       total 263168K, used 34792K [0x00000000e0000000, 0x00000000f0100000, 0x00000000f5580000)
  object space 263168K, 13% used [0x00000000e0000000,0x00000000e21fa238,0x00000000f0100000)
 Metaspace       used 62713K, capacity 64920K, committed 65112K, reserved 1105920K
  class space    used 8502K, capacity 9010K, committed 9088K, reserved 1048576K
Event: 11.400 GC heap after
Heap after GC invocations=13 (full 3):
 PSYoungGen      total 155648K, used 12524K [0x00000000f5580000, 0x0000000100000000, 0x0000000100000000)
  eden space 136192K, 0% used [0x00000000f5580000,0x00000000f5580000,0x00000000fda80000)
  from space 19456K, 64% used [0x00000000fed00000,0x00000000ff93b268,0x0000000100000000)
  to   space 18944K, 0% used [0x00000000fda80000,0x00000000fda80000,0x00000000fed00000)
 ParOldGen       total 263168K, used 34800K [0x00000000e0000000, 0x00000000f0100000, 0x00000000f5580000)
  object space 263168K, 13% used [0x00000000e0000000,0x00000000e21fc238,0x00000000f0100000)
 Metaspace       used 62713K, capacity 64920K, committed 65112K, reserved 1105920K
  class space    used 8502K, capacity 9010K, committed 9088K, reserved 1048576K
}
Event: 14.102 GC heap before
{Heap before GC invocations=14 (full 3):
 PSYoungGen      total 155648K, used 148716K [0x00000000f5580000, 0x0000000100000000, 0x0000000100000000)
  eden space 136192K, 100% used [0x00000000f5580000,0x00000000fda80000,0x00000000fda80000)
  from space 19456K, 64% used [0x00000000fed00000,0x00000000ff93b268,0x0000000100000000)
  to   space 18944K, 0% used [0x00000000fda80000,0x00000000fda80000,0x00000000fed00000)
 ParOldGen       total 263168K, used 34800K [0x00000000e0000000, 0x00000000f0100000, 0x00000000f5580000)
  object space 263168K, 13% used [0x00000000e0000000,0x00000000e21fc238,0x00000000f0100000)
 Metaspace       used 68718K, capacity 71048K, committed 71256K, reserved 1110016K
  class space    used 9265K, capacity 9784K, committed 9856K, reserved 1048576K
Event: 14.119 GC heap after
Heap after GC invocations=14 (full 3):
 PSYoungGen      total 155136K, used 18923K [0x00000000f5580000, 0x0000000100000000, 0x0000000100000000)
  eden space 136192K, 0% used [0x00000000f5580000,0x00000000f5580000,0x00000000fda80000)
  from space 18944K, 99% used [0x00000000fda80000,0x00000000fecfacc0,0x00000000fed00000)
  to   space 19456K, 0% used [0x00000000fed00000,0x00000000fed00000,0x0000000100000000)
 ParOldGen       total 263168K, used 40679K [0x00000000e0000000, 0x00000000f0100000, 0x00000000f5580000)
  object space 263168K, 15% used [0x00000000e0000000,0x00000000e27b9e18,0x00000000f0100000)
 Metaspace       used 68718K, capacity 71048K, committed 71256K, reserved 1110016K
  class space    used 9265K, capacity 9784K, committed 9856K, reserved 1048576K
}
Event: 80.413 GC heap before
{Heap before GC invocations=15 (full 3):
 PSYoungGen      total 155136K, used 155115K [0x00000000f5580000, 0x0000000100000000, 0x0000000100000000)
  eden space 136192K, 100% used [0x00000000f5580000,0x00000000fda80000,0x00000000fda80000)
  from space 18944K, 99% used [0x00000000fda80000,0x00000000fecfacc0,0x00000000fed00000)
  to   space 19456K, 0% used [0x00000000fed00000,0x00000000fed00000,0x0000000100000000)
 ParOldGen       total 263168K, used 40680K [0x00000000e0000000, 0x00000000f0100000, 0x00000000f5580000)
  object space 263168K, 15% used [0x00000000e0000000,0x00000000e27ba2e0,0x00000000f0100000)
 Metaspace       used 71414K, capacity 73940K, committed 74072K, reserved 1114112K
  class space    used 9489K, capacity 10102K, committed 10112K, reserved 1048576K
Event: 80.455 GC heap after
Heap after GC invocations=15 (full 3):
 PSYoungGen      total 132608K, used 19430K [0x00000000f5580000, 0x0000000100000000, 0x0000000100000000)
  eden space 113152K, 0% used [0x00000000f5580000,0x00000000f5580000,0x00000000fc400000)
  from space 19456K, 99% used [0x00000000fed00000,0x00000000ffff9b00,0x0000000100000000)
  to   space 30720K, 0% used [0x00000000fc400000,0x00000000fc400000,0x00000000fe200000)
 ParOldGen       total 263168K, used 57374K [0x00000000e0000000, 0x00000000f0100000, 0x00000000f5580000)
  object space 263168K, 21% used [0x00000000e0000000,0x00000000e3807828,0x00000000f0100000)
 Metaspace       used 71414K, capacity 73940K, committed 74072K, reserved 1114112K
  class space    used 9489K, capacity 10102K, committed 10112K, reserved 1048576K
}
Event: 107.832 GC heap before
{Heap before GC invocations=16 (full 3):
 PSYoungGen      total 132608K, used 132582K [0x00000000f5580000, 0x0000000100000000, 0x0000000100000000)
  eden space 113152K, 100% used [0x00000000f5580000,0x00000000fc400000,0x00000000fc400000)
  from space 19456K, 99% used [0x00000000fed00000,0x00000000ffff9b00,0x0000000100000000)
  to   space 30720K, 0% used [0x00000000fc400000,0x00000000fc400000,0x00000000fe200000)
 ParOldGen       total 263168K, used 57397K [0x00000000e0000000, 0x00000000f0100000, 0x00000000f5580000)
  object space 263168K, 21% used [0x00000000e0000000,0x00000000e380d4d0,0x00000000f0100000)
 Metaspace       used 79687K, capacity 83844K, committed 84056K, reserved 1122304K
  class space    used 10685K, capacity 11556K, committed 11648K, reserved 1048576K
Event: 107.900 GC heap after
Heap after GC invocations=16 (full 3):
 PSYoungGen      total 143872K, used 30695K [0x00000000f5580000, 0x0000000100000000, 0x0000000100000000)
  eden space 113152K, 0% used [0x00000000f5580000,0x00000000f5580000,0x00000000fc400000)
  from space 30720K, 99% used [0x00000000fc400000,0x00000000fe1f9d78,0x00000000fe200000)
  to   space 30720K, 0% used [0x00000000fe200000,0x00000000fe200000,0x0000000100000000)
 ParOldGen       total 263168K, used 65813K [0x00000000e0000000, 0x00000000f0100000, 0x00000000f5580000)
  object space 263168K, 25% used [0x00000000e0000000,0x00000000e4045678,0x00000000f0100000)
 Metaspace       used 79687K, capacity 83844K, committed 84056K, reserved 1122304K
  class space    used 10685K, capacity 11556K, committed 11648K, reserved 1048576K
}

